<?xml version="1.0" encoding="UTF-8"?>
<testsuite name="model.MediaCalculadorTest" tests="4" skipped="0" failures="0" errors="0" timestamp="2020-09-16T00:39:32" hostname="pedrohcf-Aspire-A515-51" time="0.028">
  <properties/>
  <testcase name="testeDoubleReprovado()" classname="model.MediaCalculadorTest" time="0.011"/>
  <testcase name="testeStringAprovado()" classname="model.MediaCalculadorTest" time="0.001"/>
  <testcase name="testeDoubleAprovado()" classname="model.MediaCalculadorTest" time="0.011"/>
  <testcase name="testeStringReprovado()" classname="model.MediaCalculadorTest" time="0.001"/>
  <system-out><![CDATA[]]></system-out>
  <system-err><![CDATA[]]></system-err>
</testsuite>
